<?xml version="1.0" encoding="UTF-8"?>
<!-- Generated by org.testng.reporters.JUnitXMLReporter -->
<testsuite ignored="0" hostname="OZBEKs-iMac.home" failures="0" tests="4" name="Default test" time="7.843" errors="0" timestamp="31 Dec 2018 03:17:46 GMT">
  <testcase classname="com.webOrder.UI_Functional_Tests.WONegativeLoginTests" name="negativeWrongUsername" time="0.275"/>
  <testcase classname="com.webOrder.UI_Functional_Tests.WONegativeLoginTests" name="negativeWrongPassword" time="0.284"/>
  <testcase classname="com.webOrder.UI_Functional_Tests.WONegativeLoginTests" name="negativeBlankUsername" time="0.252"/>
  <testcase classname="com.webOrder.UI_Functional_Tests.WONegativeLoginTests" name="negativeBlankPassword" time="0.301"/>
</testsuite> <!-- Default test -->
