<?xml version="1.0" encoding="UTF-8"?>
<testng-results ignored="0" total="5" passed="5" failed="0" skipped="0">
  <reporter-output>
  </reporter-output>
  <suite started-at="2018-12-31T03:46:57Z" name="Test-class Suite" finished-at="2018-12-31T03:47:07Z" duration-ms="9851">
    <groups>
    </groups>
    <test started-at="2018-12-31T03:46:57Z" name="Test-class test" finished-at="2018-12-31T03:47:07Z" duration-ms="9851">
      <class name="com.webOrder.UI_Functional_Tests.WONegativeLoginTests">
        <test-method is-config="true" signature="setUp()[pri:0, instance:com.webOrder.UI_Functional_Tests.WONegativeLoginTests@7b02881e]" started-at="2018-12-31T03:47:00Z" name="setUp" finished-at="2018-12-31T03:47:01Z" duration-ms="1263" status="PASS">
          <reporter-output>
          </reporter-output>
        </test-method> <!-- setUp -->
        <test-method signature="negativeWrongUsername()[pri:1, instance:com.webOrder.UI_Functional_Tests.WONegativeLoginTests@7b02881e]" started-at="2018-12-31T03:47:01Z" name="negativeWrongUsername" finished-at="2018-12-31T03:47:01Z" duration-ms="265" status="PASS">
          <reporter-output>
          </reporter-output>
        </test-method> <!-- negativeWrongUsername -->
        <test-method is-config="true" signature="closeDriver()[pri:0, instance:com.webOrder.UI_Functional_Tests.WONegativeLoginTests@7b02881e]" started-at="2018-12-31T03:47:01Z" name="closeDriver" finished-at="2018-12-31T03:47:01Z" duration-ms="73" status="PASS">
          <reporter-output>
          </reporter-output>
        </test-method> <!-- closeDriver -->
        <test-method is-config="true" signature="setUp()[pri:0, instance:com.webOrder.UI_Functional_Tests.WONegativeLoginTests@7b02881e]" started-at="2018-12-31T03:47:01Z" name="setUp" finished-at="2018-12-31T03:47:03Z" duration-ms="1283" status="PASS">
          <reporter-output>
          </reporter-output>
        </test-method> <!-- setUp -->
        <test-method signature="negativeWrongPassword()[pri:2, instance:com.webOrder.UI_Functional_Tests.WONegativeLoginTests@7b02881e]" started-at="2018-12-31T03:47:03Z" name="negativeWrongPassword" finished-at="2018-12-31T03:47:03Z" duration-ms="273" status="PASS">
          <reporter-output>
          </reporter-output>
        </test-method> <!-- negativeWrongPassword -->
        <test-method is-config="true" signature="closeDriver()[pri:0, instance:com.webOrder.UI_Functional_Tests.WONegativeLoginTests@7b02881e]" started-at="2018-12-31T03:47:03Z" name="closeDriver" finished-at="2018-12-31T03:47:03Z" duration-ms="74" status="PASS">
          <reporter-output>
          </reporter-output>
        </test-method> <!-- closeDriver -->
        <test-method is-config="true" signature="setUp()[pri:0, instance:com.webOrder.UI_Functional_Tests.WONegativeLoginTests@7b02881e]" started-at="2018-12-31T03:47:03Z" name="setUp" finished-at="2018-12-31T03:47:04Z" duration-ms="1277" status="PASS">
          <reporter-output>
          </reporter-output>
        </test-method> <!-- setUp -->
        <test-method signature="negativeBlankUsername()[pri:3, instance:com.webOrder.UI_Functional_Tests.WONegativeLoginTests@7b02881e]" started-at="2018-12-31T03:47:04Z" name="negativeBlankUsername" finished-at="2018-12-31T03:47:05Z" duration-ms="279" status="PASS">
          <reporter-output>
          </reporter-output>
        </test-method> <!-- negativeBlankUsername -->
        <test-method is-config="true" signature="closeDriver()[pri:0, instance:com.webOrder.UI_Functional_Tests.WONegativeLoginTests@7b02881e]" started-at="2018-12-31T03:47:05Z" name="closeDriver" finished-at="2018-12-31T03:47:05Z" duration-ms="73" status="PASS">
          <reporter-output>
          </reporter-output>
        </test-method> <!-- closeDriver -->
        <test-method is-config="true" signature="setUp()[pri:0, instance:com.webOrder.UI_Functional_Tests.WONegativeLoginTests@7b02881e]" started-at="2018-12-31T03:47:05Z" name="setUp" finished-at="2018-12-31T03:47:06Z" duration-ms="1285" status="PASS">
          <reporter-output>
          </reporter-output>
        </test-method> <!-- setUp -->
        <test-method signature="negativeBlankPassword()[pri:4, instance:com.webOrder.UI_Functional_Tests.WONegativeLoginTests@7b02881e]" started-at="2018-12-31T03:47:06Z" name="negativeBlankPassword" finished-at="2018-12-31T03:47:06Z" duration-ms="260" status="PASS">
          <reporter-output>
          </reporter-output>
        </test-method> <!-- negativeBlankPassword -->
        <test-method is-config="true" signature="closeDriver()[pri:0, instance:com.webOrder.UI_Functional_Tests.WONegativeLoginTests@7b02881e]" started-at="2018-12-31T03:47:06Z" name="closeDriver" finished-at="2018-12-31T03:47:07Z" duration-ms="320" status="PASS">
          <reporter-output>
          </reporter-output>
        </test-method> <!-- closeDriver -->
      </class> <!-- com.webOrder.UI_Functional_Tests.WONegativeLoginTests -->
      <class name="com.webOrder.UI_Functional_Tests.WOPostiveLoginTests">
        <test-method is-config="true" signature="setUp()[pri:0, instance:com.webOrder.UI_Functional_Tests.WOPostiveLoginTests@1ebd319f]" started-at="2018-12-31T03:46:57Z" name="setUp" finished-at="2018-12-31T03:46:59Z" duration-ms="2470" status="PASS">
          <reporter-output>
          </reporter-output>
        </test-method> <!-- setUp -->
        <test-method signature="positiveTest()[pri:0, instance:com.webOrder.UI_Functional_Tests.WOPostiveLoginTests@1ebd319f]" started-at="2018-12-31T03:46:59Z" name="positiveTest" finished-at="2018-12-31T03:47:00Z" duration-ms="546" status="PASS">
          <reporter-output>
          </reporter-output>
        </test-method> <!-- positiveTest -->
        <test-method is-config="true" signature="closeDriver()[pri:0, instance:com.webOrder.UI_Functional_Tests.WOPostiveLoginTests@1ebd319f]" started-at="2018-12-31T03:47:00Z" name="closeDriver" finished-at="2018-12-31T03:47:00Z" duration-ms="74" status="PASS">
          <reporter-output>
          </reporter-output>
        </test-method> <!-- closeDriver -->
      </class> <!-- com.webOrder.UI_Functional_Tests.WOPostiveLoginTests -->
    </test> <!-- Test-class test -->
  </suite> <!-- Test-class Suite -->
</testng-results>
